[0.879s] Invoking command in '/home/utkarsh/ROS2_Workspace/Viper/Viper/src/arm': DEBUGINFOD_URLS=https://debuginfod.ubuntu.com PYTHONPATH=/home/utkarsh/ROS2_Workspace/Viper/Viper/build/arm/prefix_override:/usr/lib/python3/dist-packages/colcon_core/task/python/colcon_distutils_commands:/home/utkarsh/ROS2_Workspace/Viper/Viper/install/arm/lib/python3.12/site-packages:${PYTHONPATH} /usr/bin/python3 -W ignore:setup.py install is deprecated -W ignore:easy_install command is deprecated setup.py egg_info --egg-base ../../build/arm build --build-base /home/utkarsh/ROS2_Workspace/Viper/Viper/build/arm/build install --record /home/utkarsh/ROS2_Workspace/Viper/Viper/build/arm/install.log --single-version-externally-managed install_data
[1.110s] running egg_info
[1.115s] creating ../../build/arm/arm.egg-info
[1.124s] writing ../../build/arm/arm.egg-info/PKG-INFO
[1.124s] writing dependency_links to ../../build/arm/arm.egg-info/dependency_links.txt
[1.125s] writing requirements to ../../build/arm/arm.egg-info/requires.txt
[1.125s] writing top-level names to ../../build/arm/arm.egg-info/top_level.txt
[1.125s] writing manifest file '../../build/arm/arm.egg-info/SOURCES.txt'
[1.152s] reading manifest file '../../build/arm/arm.egg-info/SOURCES.txt'
[1.153s] writing manifest file '../../build/arm/arm.egg-info/SOURCES.txt'
[1.153s] running build
[1.153s] running build_py
[1.153s] creating /home/utkarsh/ROS2_Workspace/Viper/Viper/build/arm/build
[1.153s] creating /home/utkarsh/ROS2_Workspace/Viper/Viper/build/arm/build/lib
[1.153s] creating /home/utkarsh/ROS2_Workspace/Viper/Viper/build/arm/build/lib/arm
[1.153s] copying arm/__init__.py -> /home/utkarsh/ROS2_Workspace/Viper/Viper/build/arm/build/lib/arm
[1.153s] running install
[1.158s] running install_lib
[1.172s] creating /home/utkarsh/ROS2_Workspace/Viper/Viper/install/arm/lib/python3.12/site-packages/arm
[1.172s] copying /home/utkarsh/ROS2_Workspace/Viper/Viper/build/arm/build/lib/arm/__init__.py -> /home/utkarsh/ROS2_Workspace/Viper/Viper/install/arm/lib/python3.12/site-packages/arm
[1.172s] byte-compiling /home/utkarsh/ROS2_Workspace/Viper/Viper/install/arm/lib/python3.12/site-packages/arm/__init__.py to __init__.cpython-312.pyc
[1.173s] running install_data
[1.173s] creating /home/utkarsh/ROS2_Workspace/Viper/Viper/install/arm/share/ament_index
[1.173s] creating /home/utkarsh/ROS2_Workspace/Viper/Viper/install/arm/share/ament_index/resource_index
[1.173s] creating /home/utkarsh/ROS2_Workspace/Viper/Viper/install/arm/share/ament_index/resource_index/packages
[1.173s] copying resource/arm -> /home/utkarsh/ROS2_Workspace/Viper/Viper/install/arm/share/ament_index/resource_index/packages
[1.173s] copying package.xml -> /home/utkarsh/ROS2_Workspace/Viper/Viper/install/arm/share/arm
[1.173s] running install_egg_info
[1.188s] Copying ../../build/arm/arm.egg-info to /home/utkarsh/ROS2_Workspace/Viper/Viper/install/arm/lib/python3.12/site-packages/arm-0.0.0-py3.12.egg-info
[1.188s] running install_scripts
[1.288s] writing list of installed files to '/home/utkarsh/ROS2_Workspace/Viper/Viper/build/arm/install.log'
[1.310s] Invoked command in '/home/utkarsh/ROS2_Workspace/Viper/Viper/src/arm' returned '0': DEBUGINFOD_URLS=https://debuginfod.ubuntu.com PYTHONPATH=/home/utkarsh/ROS2_Workspace/Viper/Viper/build/arm/prefix_override:/usr/lib/python3/dist-packages/colcon_core/task/python/colcon_distutils_commands:/home/utkarsh/ROS2_Workspace/Viper/Viper/install/arm/lib/python3.12/site-packages:${PYTHONPATH} /usr/bin/python3 -W ignore:setup.py install is deprecated -W ignore:easy_install command is deprecated setup.py egg_info --egg-base ../../build/arm build --build-base /home/utkarsh/ROS2_Workspace/Viper/Viper/build/arm/build install --record /home/utkarsh/ROS2_Workspace/Viper/Viper/build/arm/install.log --single-version-externally-managed install_data
